mode: atomic
github.com/go-ocf/coap-gateway/server.go:22.75,26.2 3 2
github.com/go-ocf/coap-gateway/server.go:28.57,33.2 4 2
github.com/go-ocf/coap-gateway/server.go:40.63,42.2 1 2
github.com/go-ocf/coap-gateway/server.go:59.26,61.2 1 3
github.com/go-ocf/coap-gateway/server.go:64.52,72.46 3 2
github.com/go-ocf/coap-gateway/server.go:72.46,74.4 1 2
github.com/go-ocf/coap-gateway/server.go:75.57,77.4 1 2
github.com/go-ocf/coap-gateway/server.go:82.46,85.2 1 0
github.com/go-ocf/coap-gateway/defaultHandler.go:12.47,17.16 5 1
github.com/go-ocf/coap-gateway/defaultHandler.go:17.16,19.3 1 1
github.com/go-ocf/coap-gateway/defaultHandler.go:19.8,25.17 6 0
github.com/go-ocf/coap-gateway/defaultHandler.go:28.3,28.41 1 0
github.com/go-ocf/coap-gateway/defaultHandler.go:25.17,26.14 1 0
github.com/go-ocf/coap-gateway/defaultHandler.go:32.50,34.25 2 1
github.com/go-ocf/coap-gateway/defaultHandler.go:37.2,44.16 3 1
github.com/go-ocf/coap-gateway/defaultHandler.go:34.25,36.3 1 1
github.com/go-ocf/coap-gateway/defaultHandler.go:44.16,46.3 1 0
github.com/go-ocf/coap-gateway/defaultHandler.go:50.55,54.2 2 1
github.com/go-ocf/coap-gateway/keepalive.go:21.28,24.2 2 2
github.com/go-ocf/coap-gateway/keepalive.go:27.33,30.2 2 0
github.com/go-ocf/coap-gateway/keepalive.go:32.27,34.6 2 2
github.com/go-ocf/coap-gateway/keepalive.go:34.6,36.23 2 2
github.com/go-ocf/coap-gateway/keepalive.go:39.3,39.10 1 2
github.com/go-ocf/coap-gateway/keepalive.go:36.23,38.4 1 0
github.com/go-ocf/coap-gateway/keepalive.go:40.21,41.10 1 2
github.com/go-ocf/coap-gateway/keepalive.go:42.45,43.64 1 0
github.com/go-ocf/coap-gateway/keepalive.go:57.4,57.20 1 0
github.com/go-ocf/coap-gateway/keepalive.go:43.64,45.31 2 0
github.com/go-ocf/coap-gateway/keepalive.go:45.31,47.33 2 0
github.com/go-ocf/coap-gateway/keepalive.go:47.33,50.7 2 0
github.com/go-ocf/coap-gateway/keepalive.go:51.11,54.6 1 0
github.com/go-ocf/coap-gateway/keepalive.go:63.78,73.2 3 2
github.com/go-ocf/coap-gateway/main.go:19.28,31.33 8 1
github.com/go-ocf/coap-gateway/main.go:53.2,55.26 3 1
github.com/go-ocf/coap-gateway/main.go:58.2,58.30 1 1
github.com/go-ocf/coap-gateway/main.go:61.2,61.27 1 1
github.com/go-ocf/coap-gateway/main.go:64.2,64.10 1 1
github.com/go-ocf/coap-gateway/main.go:31.33,34.14 3 85
github.com/go-ocf/coap-gateway/main.go:35.66,36.4 1 3
github.com/go-ocf/coap-gateway/main.go:36.4,38.19 2 3
github.com/go-ocf/coap-gateway/main.go:41.5,41.16 1 3
github.com/go-ocf/coap-gateway/main.go:38.19,40.6 1 0
github.com/go-ocf/coap-gateway/main.go:42.27,43.26 1 1
github.com/go-ocf/coap-gateway/main.go:44.31,45.30 1 1
github.com/go-ocf/coap-gateway/main.go:46.28,47.27 1 1
github.com/go-ocf/coap-gateway/main.go:55.26,57.3 1 1
github.com/go-ocf/coap-gateway/main.go:58.30,60.3 1 1
github.com/go-ocf/coap-gateway/main.go:61.27,63.3 1 1
github.com/go-ocf/coap-gateway/main.go:67.13,71.2 1 0
